<?xml version="1.0" encoding="UTF-8"?>
<!-- Generated by org.testng.reporters.JUnitReportReporter -->
<testsuite skipped="0" hostname="BarsTMB-001" name="LoginTest" tests="6" failures="0" timestamp="02 авг 2017 13:37:04 GMT" time="40.071" errors="0">
  <testcase name="invalidLoginTest" time="5.690" classname="LoginTest"/>
  <testcase name="invalidLoginTest" time="5.948" classname="LoginTest"/>
  <testcase name="invalidLoginTest" time="8.278" classname="LoginTest"/>
  <testcase name="invalidLoginTest" time="8.114" classname="LoginTest"/>
  <testcase name="invalidLoginTest" time="6.344" classname="LoginTest"/>
  <testcase name="invalidLoginTest" time="5.697" classname="LoginTest"/>
</testsuite> <!-- LoginTest -->
